Build started 29-Dec-20 17:03:05.
Logging verbosity is set to: Normal.     1>Project "C:\projects\lab3\lab3\lab3.vcxproj" on node 2 (Build target(s)).
     1>InitializeBuildStatus:
         Touching "Debug\lab3.tlog\unsuccessfulbuild".
       ClCompile:
         C:\Program Files (x86)\Microsoft Visual Studio\2019\Community\VC\Tools\MSVC\14.28.29333\bin\HostX86\x86\CL.exe /c /ZI /JMC /nologo /W3 /WX- /diagnostics:column /sdl /Od /Oy- /D WIN32 /D _DEBUG /D _CONSOLE /D _UNICODE /D UNICODE /Gm- /EHsc /RTC1 /MDd /GS /fp:precise /permissive- /Zc:wchar_t /Zc:forScope /Zc:inline /Fo"Debug\\" /Fd"Debug\vc142.pdb" /Gd /TP /analyze- /FC /errorReport:prompt main.cpp ulamek.cpp
         main.cpp
         ulamek.cpp
         Generating Code...
       Link:
         C:\Program Files (x86)\Microsoft Visual Studio\2019\Community\VC\Tools\MSVC\14.28.29333\bin\HostX86\x86\link.exe /ERRORREPORT:PROMPT /OUT:"C:\projects\lab3\Debug\lab3.exe" /INCREMENTAL /NOLOGO kernel32.lib user32.lib gdi32.lib winspool.lib comdlg32.lib advapi32.lib shell32.lib ole32.lib oleaut32.lib uuid.lib odbc32.lib odbccp32.lib /MANIFEST /MANIFESTUAC:"level='asInvoker' uiAccess='false'" /manifest:embed /DEBUG:FASTLINK /PDB:"C:\projects\lab3\Debug\lab3.pdb" /SUBSYSTEM:CONSOLE /TLBID:1 /DYNAMICBASE /NXCOMPAT /IMPLIB:"C:\projects\lab3\Debug\lab3.lib" /MACHINE:X86 Debug\main.obj
         Debug\ulamek.obj
     1>ulamek.obj : error LNK2019: unresolved external symbol "public: class Ulamek __thiscall Ulamek::operator+(class Ulamek const &)const " (??HUlamek@@QBE?AV0@ABV0@@Z) referenced in function "public: class Ulamek __thiscall Ulamek::operator-(class Ulamek const &)const " (??GUlamek@@QBE?AV0@ABV0@@Z)
     1>ulamek.obj : error LNK2019: unresolved external symbol "public: class Ulamek __thiscall Ulamek::operator-(void)const " (??GUlamek@@QBE?AV0@XZ) referenced in function "public: class Ulamek __thiscall Ulamek::operator-(class Ulamek const &)const " (??GUlamek@@QBE?AV0@ABV0@@Z)
     1>C:\projects\lab3\Debug\lab3.exe : fatal error LNK1120: 2 unresolved externals
     1>Done Building Project "C:\projects\lab3\lab3\lab3.vcxproj" (Build target(s)) -- FAILED.

Project Performance Summary:
     1579 ms  C:\projects\lab3\lab3\lab3.vcxproj         1 calls
               1579 ms  Build                                      1 calls

Target Performance Summary:
        0 ms  BuildGenerateSources                       1 calls
        0 ms  _Midl                                      1 calls
        0 ms  CreateCustomManifestResourceNames          1 calls
        0 ms  AfterBuildGenerateSourcesEvent             1 calls
        0 ms  _BuildGenerateSourcesAction                1 calls
        0 ms  ComputeLinkSwitches                        1 calls
        0 ms  BuildCompileTraverse                       1 calls
        0 ms  BeforeClCompile                            1 calls
        0 ms  ComputeCLInputPDBName                      1 calls
        0 ms  FindReferenceAssembliesForReferences       1 calls
        0 ms  GetReferencedVCProjectsInfo                1 calls
        0 ms  ComputeReferenceCLInput                    1 calls
        0 ms  SelectClCompile                            1 calls
        0 ms  DoLinkOutputFilesMatch                     1 calls
        0 ms  AfterClCompile                             1 calls
        0 ms  AfterMidl                                  1 calls
        0 ms  _ClCompile                                 1 calls
        0 ms  MakeDirsForResourceCompile                 1 calls
        0 ms  AfterResourceCompile                       1 calls
        0 ms  _ResourceCompile                           1 calls
        0 ms  AfterBuildCompileEvent                     1 calls
        0 ms  _BuildCompileAction                        1 calls
        0 ms  BuildCompile                               1 calls
        0 ms  BuildLinkTraverse                          1 calls
        0 ms  BeforeLink                                 1 calls
        0 ms  ComputeRCOutputs                           1 calls
        0 ms  ComputeRCGeneratedLinkInputs               1 calls
        0 ms  ComputeManifestGeneratedLinkerInputs       1 calls
        0 ms  ComputeCLGeneratedLinkInputs               1 calls
        0 ms  ComputeLinkInputsFromProject               1 calls
        0 ms  ComputeManifestInputsTargets               1 calls
        0 ms  BeforeResourceCompile                      1 calls
        0 ms  ComputeMIDLGeneratedCompileInputs          1 calls
        0 ms  AfterBuildGenerateSources                  1 calls
        0 ms  _Xsd                                       1 calls
        0 ms  _PrepareForReferenceResolution             1 calls
        0 ms  BeforeResolveReferences                    1 calls
        0 ms  _GetProjectReferenceTargetFrameworkProperties   1 calls
        0 ms  PrepareProjectReferences                   1 calls
        0 ms  PreLinkEvent                               1 calls
        0 ms  GetFrameworkPaths                          1 calls
        0 ms  GetReferenceAssemblyPaths                  1 calls
        0 ms  GetResolvedWinMD                           1 calls
        0 ms  _CheckWindowsSDKInstalled                  1 calls
        0 ms  MakeDirsForMidl                            1 calls
        0 ms  ResolveSDKReferences                       1 calls
        0 ms  ExpandSDKReferences                        1 calls
        0 ms  ResolveAssemblyReferences                  1 calls
        0 ms  SetCABuildNativeEnvironmentVariables       1 calls
        0 ms  PrepareResourceNames                       1 calls
        0 ms  CopyFileToFolders                          1 calls
        0 ms  AfterResolveReferences                     1 calls
        0 ms  ResolveReferences                          1 calls
        0 ms  BuildGenerateSourcesTraverse               1 calls
        0 ms  BeforeBuildGenerateSources                 1 calls
        0 ms  PreBuildEvent                              1 calls
        0 ms  _SelectedFiles                             1 calls
        0 ms  SelectCustomBuild                          1 calls
        1 ms  _SplitProjectReferencesByFileExistence     1 calls
        1 ms  SetBuildDefaultEnvironmentVariables        1 calls
        1 ms  ComputeCustomBuildOutput                   1 calls
        1 ms  MakeDirsForLink                            1 calls
        1 ms  _PrepareForBuild                           1 calls
        1 ms  SplitResourcesByCulture                    1 calls
        1 ms  FixupCLCompileOptions                      1 calls
        1 ms  AssignProjectConfiguration                 1 calls
        2 ms  AssignTargetPaths                          1 calls
        3 ms  ComputeCLOutputs                           1 calls
        4 ms  SetTelemetryEnvironmentVariables           1 calls
        4 ms  WarnCompileDuplicatedFilename              1 calls
        4 ms  CustomBuild                                1 calls
        4 ms  MakeDirsForCl                              1 calls
        6 ms  InitializeBuildStatus                      1 calls
        8 ms  PrepareForBuild                            1 calls
       13 ms  _CheckForInvalidConfigurationAndPlatform   1 calls
       13 ms  ResolveProjectReferences                   1 calls
       19 ms  ComputeLegacyManifestEmbedding             1 calls
      394 ms  Link                                       1 calls
     1093 ms  ClCompile                                  1 calls

Build FAILED.

       "C:\projects\lab3\lab3\lab3.vcxproj" (Build target) (1) ->
       (Link target) -> 
         ulamek.obj : error LNK2019: unresolved external symbol "public: class Ulamek __thiscall Ulamek::operator+(class Ulamek const &)const " (??HUlamek@@QBE?AV0@ABV0@@Z) referenced in function "public: class Ulamek __thiscall Ulamek::operator-(class Ulamek const &)const " (??GUlamek@@QBE?AV0@ABV0@@Z)
         ulamek.obj : error LNK2019: unresolved external symbol "public: class Ulamek __thiscall Ulamek::operator-(void)const " (??GUlamek@@QBE?AV0@XZ) referenced in function "public: class Ulamek __thiscall Ulamek::operator-(class Ulamek const &)const " (??GUlamek@@QBE?AV0@ABV0@@Z)
         C:\projects\lab3\Debug\lab3.exe : fatal error LNK1120: 2 unresolved externals

    0 Warning(s)
    3 Error(s)

Time Elapsed 00:00:01.57
